<?xml version="1.0" encoding="UTF-8"?>
<!-- Generated by org.testng.reporters.JUnitXMLReporter -->
<testsuite hostname="shafiqulmcbk.T-mobile.com" ignored="0" name="United Health Care" tests="4" failures="0" timestamp="18 Jan 2018 05:58:10 GMT" time="23.703" errors="0">
  <testcase name="TestSearchPlan" time="8.459" classname="TestHomePckg.TestHomePage"/>
  <testcase name="TestURL" time="1.025" classname="TestHomePckg.TestHomePage"/>
  <testcase name="TestTitleVerification" time="0.011" classname="TestHomePckg.TestHomePage"/>
  <testcase name="Testlink" time="0.041" classname="TestHomePckg.TestHomePage"/>
</testsuite> <!-- United Health Care -->
