<?xml version="1.0" encoding="UTF-8"?>
<testng-results skipped="0" failed="0" ignored="0" total="4" passed="4">
  <reporter-output>
  </reporter-output>
  <suite name="Health Union" duration-ms="23703" started-at="2018-01-18T05:57:46Z" finished-at="2018-01-18T05:58:10Z">
    <groups>
    </groups>
    <test name="United Health Care" duration-ms="23703" started-at="2018-01-18T05:57:46Z" finished-at="2018-01-18T05:58:10Z">
      <class name="TestHomePckg.TestHomePage">
        <test-method status="PASS" signature="setUp(boolean, java.lang.String, java.lang.String, java.lang.String, java.lang.String, java.lang.String, java.lang.String)[pri:0, instance:TestHomePckg.TestHomePage@4e9ba398]" name="setUp" is-config="true" duration-ms="4785" started-at="2018-01-18T00:57:46Z" finished-at="2018-01-18T00:57:51Z">
          <params>
            <param index="0">
              <value>
                <![CDATA[false]]>
              </value>
            </param>
            <param index="1">
              <value>
                <![CDATA[browserstack]]>
              </value>
            </param>
            <param index="2">
              <value>
                <![CDATA[mac]]>
              </value>
            </param>
            <param index="3">
              <value>
                <![CDATA[Sierra]]>
              </value>
            </param>
            <param index="4">
              <value>
                <![CDATA[chrome]]>
              </value>
            </param>
            <param index="5">
              <value>
                <![CDATA[63.0]]>
              </value>
            </param>
            <param index="6">
              <value>
                <![CDATA[https://www.uhone.com/]]>
              </value>
            </param>
          </params>
          <reporter-output>
          </reporter-output>
        </test-method> <!-- setUp -->
        <test-method status="PASS" signature="initialization()[pri:0, instance:TestHomePckg.TestHomePage@4e9ba398]" name="initialization" is-config="true" duration-ms="38" started-at="2018-01-18T00:57:51Z" finished-at="2018-01-18T00:57:51Z">
          <reporter-output>
          </reporter-output>
        </test-method> <!-- initialization -->
        <test-method status="PASS" signature="TestSearchPlan()[pri:1, instance:TestHomePckg.TestHomePage@4e9ba398]" name="TestSearchPlan" duration-ms="8459" started-at="2018-01-18T00:57:51Z" finished-at="2018-01-18T00:58:00Z">
          <reporter-output>
          </reporter-output>
        </test-method> <!-- TestSearchPlan -->
        <test-method status="PASS" signature="cleanUp()[pri:0, instance:TestHomePckg.TestHomePage@4e9ba398]" name="cleanUp" is-config="true" duration-ms="161" started-at="2018-01-18T00:58:00Z" finished-at="2018-01-18T00:58:00Z">
          <reporter-output>
          </reporter-output>
        </test-method> <!-- cleanUp -->
        <test-method status="PASS" signature="setUp(boolean, java.lang.String, java.lang.String, java.lang.String, java.lang.String, java.lang.String, java.lang.String)[pri:0, instance:TestHomePckg.TestHomePage@4e9ba398]" name="setUp" is-config="true" duration-ms="3190" started-at="2018-01-18T00:58:00Z" finished-at="2018-01-18T00:58:03Z">
          <params>
            <param index="0">
              <value>
                <![CDATA[false]]>
              </value>
            </param>
            <param index="1">
              <value>
                <![CDATA[browserstack]]>
              </value>
            </param>
            <param index="2">
              <value>
                <![CDATA[mac]]>
              </value>
            </param>
            <param index="3">
              <value>
                <![CDATA[Sierra]]>
              </value>
            </param>
            <param index="4">
              <value>
                <![CDATA[chrome]]>
              </value>
            </param>
            <param index="5">
              <value>
                <![CDATA[63.0]]>
              </value>
            </param>
            <param index="6">
              <value>
                <![CDATA[https://www.uhone.com/]]>
              </value>
            </param>
          </params>
          <reporter-output>
          </reporter-output>
        </test-method> <!-- setUp -->
        <test-method status="PASS" signature="initialization()[pri:0, instance:TestHomePckg.TestHomePage@4e9ba398]" name="initialization" is-config="true" duration-ms="1" started-at="2018-01-18T00:58:03Z" finished-at="2018-01-18T00:58:03Z">
          <reporter-output>
          </reporter-output>
        </test-method> <!-- initialization -->
        <test-method status="PASS" signature="TestURL()[pri:2, instance:TestHomePckg.TestHomePage@4e9ba398]" name="TestURL" duration-ms="1025" started-at="2018-01-18T00:58:03Z" finished-at="2018-01-18T00:58:04Z">
          <reporter-output>
          </reporter-output>
        </test-method> <!-- TestURL -->
        <test-method status="PASS" signature="cleanUp()[pri:0, instance:TestHomePckg.TestHomePage@4e9ba398]" name="cleanUp" is-config="true" duration-ms="143" started-at="2018-01-18T00:58:04Z" finished-at="2018-01-18T00:58:04Z">
          <reporter-output>
          </reporter-output>
        </test-method> <!-- cleanUp -->
        <test-method status="PASS" signature="setUp(boolean, java.lang.String, java.lang.String, java.lang.String, java.lang.String, java.lang.String, java.lang.String)[pri:0, instance:TestHomePckg.TestHomePage@4e9ba398]" name="setUp" is-config="true" duration-ms="2799" started-at="2018-01-18T00:58:04Z" finished-at="2018-01-18T00:58:07Z">
          <params>
            <param index="0">
              <value>
                <![CDATA[false]]>
              </value>
            </param>
            <param index="1">
              <value>
                <![CDATA[browserstack]]>
              </value>
            </param>
            <param index="2">
              <value>
                <![CDATA[mac]]>
              </value>
            </param>
            <param index="3">
              <value>
                <![CDATA[Sierra]]>
              </value>
            </param>
            <param index="4">
              <value>
                <![CDATA[chrome]]>
              </value>
            </param>
            <param index="5">
              <value>
                <![CDATA[63.0]]>
              </value>
            </param>
            <param index="6">
              <value>
                <![CDATA[https://www.uhone.com/]]>
              </value>
            </param>
          </params>
          <reporter-output>
          </reporter-output>
        </test-method> <!-- setUp -->
        <test-method status="PASS" signature="initialization()[pri:0, instance:TestHomePckg.TestHomePage@4e9ba398]" name="initialization" is-config="true" duration-ms="2" started-at="2018-01-18T00:58:07Z" finished-at="2018-01-18T00:58:07Z">
          <reporter-output>
          </reporter-output>
        </test-method> <!-- initialization -->
        <test-method status="PASS" signature="TestTitleVerification()[pri:3, instance:TestHomePckg.TestHomePage@4e9ba398]" name="TestTitleVerification" duration-ms="11" started-at="2018-01-18T00:58:07Z" finished-at="2018-01-18T00:58:07Z">
          <reporter-output>
          </reporter-output>
        </test-method> <!-- TestTitleVerification -->
        <test-method status="PASS" signature="cleanUp()[pri:0, instance:TestHomePckg.TestHomePage@4e9ba398]" name="cleanUp" is-config="true" duration-ms="133" started-at="2018-01-18T00:58:07Z" finished-at="2018-01-18T00:58:07Z">
          <reporter-output>
          </reporter-output>
        </test-method> <!-- cleanUp -->
        <test-method status="PASS" signature="setUp(boolean, java.lang.String, java.lang.String, java.lang.String, java.lang.String, java.lang.String, java.lang.String)[pri:0, instance:TestHomePckg.TestHomePage@4e9ba398]" name="setUp" is-config="true" duration-ms="2747" started-at="2018-01-18T00:58:07Z" finished-at="2018-01-18T00:58:10Z">
          <params>
            <param index="0">
              <value>
                <![CDATA[false]]>
              </value>
            </param>
            <param index="1">
              <value>
                <![CDATA[browserstack]]>
              </value>
            </param>
            <param index="2">
              <value>
                <![CDATA[mac]]>
              </value>
            </param>
            <param index="3">
              <value>
                <![CDATA[Sierra]]>
              </value>
            </param>
            <param index="4">
              <value>
                <![CDATA[chrome]]>
              </value>
            </param>
            <param index="5">
              <value>
                <![CDATA[63.0]]>
              </value>
            </param>
            <param index="6">
              <value>
                <![CDATA[https://www.uhone.com/]]>
              </value>
            </param>
          </params>
          <reporter-output>
          </reporter-output>
        </test-method> <!-- setUp -->
        <test-method status="PASS" signature="initialization()[pri:0, instance:TestHomePckg.TestHomePage@4e9ba398]" name="initialization" is-config="true" duration-ms="1" started-at="2018-01-18T00:58:10Z" finished-at="2018-01-18T00:58:10Z">
          <reporter-output>
          </reporter-output>
        </test-method> <!-- initialization -->
        <test-method status="PASS" signature="Testlink()[pri:4, instance:TestHomePckg.TestHomePage@4e9ba398]" name="Testlink" duration-ms="41" started-at="2018-01-18T00:58:10Z" finished-at="2018-01-18T00:58:10Z">
          <reporter-output>
          </reporter-output>
        </test-method> <!-- Testlink -->
        <test-method status="PASS" signature="cleanUp()[pri:0, instance:TestHomePckg.TestHomePage@4e9ba398]" name="cleanUp" is-config="true" duration-ms="133" started-at="2018-01-18T00:58:10Z" finished-at="2018-01-18T00:58:10Z">
          <reporter-output>
          </reporter-output>
        </test-method> <!-- cleanUp -->
      </class> <!-- TestHomePckg.TestHomePage -->
    </test> <!-- United Health Care -->
  </suite> <!-- Health Union -->
</testng-results>
