<?xml version="1.0" encoding="UTF-8"?>
<testsuite xmlns:xsi="http://www.w3.org/2001/XMLSchema-instance" xsi:noNamespaceSchemaLocation="https://maven.apache.org/surefire/maven-surefire-plugin/xsd/surefire-test-report.xsd" name="TestSuite" time="0.978" tests="76" errors="0" skipped="75" failures="1">
  <properties>
[...]
</properties>
  <testcase name="setUp" classname="TestHomePckg.TestHomePage" time="0.726">
    <failure message="The driver executable does not exist: /Users/shafiqul/Testing Training/PeopleNTECHT/SeleniumTraining2018_March/WEB-AUTOMATION-FRAMEWORK/HealthInsurance/../Generic/driver/chromedriver" type="java.lang.IllegalStateException">java.lang.IllegalStateException: The driver executable does not exist: /Users/shafiqul/Testing Training/PeopleNTECHT/SeleniumTraining2018_March/WEB-AUTOMATION-FRAMEWORK/HealthInsurance/../Generic/driver/chromedriver
</failure>
    <system-err><![CDATA[May 08, 2018 11:31:31 AM com.relevantcodes.extentreports.ExtentReports loadConfig
WARNING: Unable to perform report configuration. The file /Users/shafiqul/Testing Training/PeopleNTECHT/SeleniumTraining2018_March/WEB-AUTOMATION-FRAMEWORK/HealthInsurance/report-config.xml was not found.
]]></system-err>
  </testcase>
  <testcase name="setUp" classname="TestHomePckg.TestHomePage" time="0">
    <skipped/>
  </testcase>
  <testcase name="setUp" classname="TestHomePckg.TestHomePage" time="0">
    <skipped/>
  </testcase>
  <testcase name="setUp" classname="TestHomePckg.TestHomePage" time="0">
    <skipped/>
  </testcase>
  <testcase name="setUp" classname="TestHomePckg.TestHomePage" time="0">
    <skipped/>
  </testcase>
  <testcase name="setUp" classname="TestHomePckg.TestHomePage" time="0">
    <skipped/>
  </testcase>
  <testcase name="setUp" classname="TestHomePckg.TestHomePage" time="0">
    <skipped/>
  </testcase>
  <testcase name="setUp" classname="TestHomePckg.TestHomePage" time="0">
    <skipped/>
  </testcase>
  <testcase name="setUp" classname="TestHomePckg.TestHomePage" time="0">
    <skipped/>
  </testcase>
  <testcase name="startExtent" classname="TestHomePckg.TestHomePage" time="0">
    <skipped/>
  </testcase>
  <testcase name="startExtent" classname="TestHomePckg.TestHomePage" time="0">
    <skipped/>
  </testcase>
  <testcase name="startExtent" classname="TestHomePckg.TestHomePage" time="0">
    <skipped/>
  </testcase>
  <testcase name="startExtent" classname="TestHomePckg.TestHomePage" time="0">
    <skipped/>
  </testcase>
  <testcase name="startExtent" classname="TestHomePckg.TestHomePage" time="0">
    <skipped/>
  </testcase>
  <testcase name="startExtent" classname="TestHomePckg.TestHomePage" time="0">
    <skipped/>
  </testcase>
  <testcase name="startExtent" classname="TestHomePckg.TestHomePage" time="0">
    <skipped/>
  </testcase>
  <testcase name="startExtent" classname="TestHomePckg.TestHomePage" time="0">
    <skipped/>
  </testcase>
  <testcase name="startExtent" classname="TestHomePckg.TestHomePage" time="0">
    <skipped/>
  </testcase>
  <testcase name="initialization" classname="TestHomePckg.TestHomePage" time="0">
    <skipped/>
  </testcase>
  <testcase name="initialization" classname="TestHomePckg.TestHomePage" time="0">
    <skipped/>
  </testcase>
  <testcase name="initialization" classname="TestHomePckg.TestHomePage" time="0">
    <skipped/>
  </testcase>
  <testcase name="initialization" classname="TestHomePckg.TestHomePage" time="0">
    <skipped/>
  </testcase>
  <testcase name="initialization" classname="TestHomePckg.TestHomePage" time="0">
    <skipped/>
  </testcase>
  <testcase name="initialization" classname="TestHomePckg.TestHomePage" time="0">
    <skipped/>
  </testcase>
  <testcase name="initialization" classname="TestHomePckg.TestHomePage" time="0">
    <skipped/>
  </testcase>
  <testcase name="initialization" classname="TestHomePckg.TestHomePage" time="0">
    <skipped/>
  </testcase>
  <testcase name="initialization" classname="TestHomePckg.TestHomePage" time="0">
    <skipped/>
  </testcase>
  <testcase name="TestURL" classname="TestHomePckg.TestHomePage" time="0">
    <skipped message="The driver executable does not exist: /Users/shafiqul/Testing Training/PeopleNTECHT/SeleniumTraining2018_March/WEB-AUTOMATION-FRAMEWORK/HealthInsurance/../Generic/driver/chromedriver"/>
  </testcase>
  <testcase name="afterEachTestMethod" classname="TestHomePckg.TestHomePage" time="0">
    <skipped/>
  </testcase>
  <testcase name="afterEachTestMethod" classname="TestHomePckg.TestHomePage" time="0">
    <skipped/>
  </testcase>
  <testcase name="afterEachTestMethod" classname="TestHomePckg.TestHomePage" time="0">
    <skipped/>
  </testcase>
  <testcase name="afterEachTestMethod" classname="TestHomePckg.TestHomePage" time="0">
    <skipped/>
  </testcase>
  <testcase name="afterEachTestMethod" classname="TestHomePckg.TestHomePage" time="0">
    <skipped/>
  </testcase>
  <testcase name="afterEachTestMethod" classname="TestHomePckg.TestHomePage" time="0">
    <skipped/>
  </testcase>
  <testcase name="afterEachTestMethod" classname="TestHomePckg.TestHomePage" time="0">
    <skipped/>
  </testcase>
  <testcase name="afterEachTestMethod" classname="TestHomePckg.TestHomePage" time="0">
    <skipped/>
  </testcase>
  <testcase name="afterEachTestMethod" classname="TestHomePckg.TestHomePage" time="0">
    <skipped/>
  </testcase>
  <testcase name="cleanUp" classname="TestHomePckg.TestHomePage" time="0">
    <skipped/>
  </testcase>
  <testcase name="cleanUp" classname="TestHomePckg.TestHomePage" time="0">
    <skipped/>
  </testcase>
  <testcase name="cleanUp" classname="TestHomePckg.TestHomePage" time="0">
    <skipped/>
  </testcase>
  <testcase name="cleanUp" classname="TestHomePckg.TestHomePage" time="0">
    <skipped/>
  </testcase>
  <testcase name="cleanUp" classname="TestHomePckg.TestHomePage" time="0">
    <skipped/>
  </testcase>
  <testcase name="cleanUp" classname="TestHomePckg.TestHomePage" time="0">
    <skipped/>
  </testcase>
  <testcase name="cleanUp" classname="TestHomePckg.TestHomePage" time="0">
    <skipped/>
  </testcase>
  <testcase name="cleanUp" classname="TestHomePckg.TestHomePage" time="0">
    <skipped/>
  </testcase>
  <testcase name="cleanUp" classname="TestHomePckg.TestHomePage" time="0">
    <skipped/>
  </testcase>
  <testcase name="TestTitleVerification" classname="TestHomePckg.TestHomePage" time="0">
    <skipped message="The driver executable does not exist: /Users/shafiqul/Testing Training/PeopleNTECHT/SeleniumTraining2018_March/WEB-AUTOMATION-FRAMEWORK/HealthInsurance/../Generic/driver/chromedriver"/>
  </testcase>
  <testcase name="Testlink" classname="TestHomePckg.TestHomePage" time="0">
    <skipped message="The driver executable does not exist: /Users/shafiqul/Testing Training/PeopleNTECHT/SeleniumTraining2018_March/WEB-AUTOMATION-FRAMEWORK/HealthInsurance/../Generic/driver/chromedriver"/>
  </testcase>
  <testcase name="TestSearchPlan" classname="TestHomePckg.TestHomePage" time="0">
    <skipped message="The driver executable does not exist: /Users/shafiqul/Testing Training/PeopleNTECHT/SeleniumTraining2018_March/WEB-AUTOMATION-FRAMEWORK/HealthInsurance/../Generic/driver/chromedriver"/>
  </testcase>
  <testcase name="TestSearchByCode" classname="TestHomePckg.TestHomePage" time="0">
    <skipped message="The driver executable does not exist: /Users/shafiqul/Testing Training/PeopleNTECHT/SeleniumTraining2018_March/WEB-AUTOMATION-FRAMEWORK/HealthInsurance/../Generic/driver/chromedriver"/>
  </testcase>
  <testcase name="TestAvailablePlans" classname="TestHomePckg.TestHomePage" time="0">
    <skipped message="The driver executable does not exist: /Users/shafiqul/Testing Training/PeopleNTECHT/SeleniumTraining2018_March/WEB-AUTOMATION-FRAMEWORK/HealthInsurance/../Generic/driver/chromedriver"/>
  </testcase>
  <testcase name="TestHealthlink" classname="TestHomePckg.TestHomePage" time="0">
    <skipped message="The driver executable does not exist: /Users/shafiqul/Testing Training/PeopleNTECHT/SeleniumTraining2018_March/WEB-AUTOMATION-FRAMEWORK/HealthInsurance/../Generic/driver/chromedriver"/>
  </testcase>
  <testcase name="TestPhoneNUMBER" classname="TestHomePckg.TestHomePage" time="0">
    <skipped message="The driver executable does not exist: /Users/shafiqul/Testing Training/PeopleNTECHT/SeleniumTraining2018_March/WEB-AUTOMATION-FRAMEWORK/HealthInsurance/../Generic/driver/chromedriver"/>
  </testcase>
  <testcase name="setUp" classname="TestHomePckg.TestInsurancePlan" time="0">
    <skipped/>
  </testcase>
  <testcase name="setUp" classname="TestHomePckg.TestInsurancePlan" time="0">
    <skipped/>
  </testcase>
  <testcase name="startExtent" classname="TestHomePckg.TestInsurancePlan" time="0">
    <skipped/>
  </testcase>
  <testcase name="startExtent" classname="TestHomePckg.TestInsurancePlan" time="0">
    <skipped/>
  </testcase>
  <testcase name="TestAvailablePlan" classname="TestHomePckg.TestInsurancePlan" time="0">
    <skipped message="The driver executable does not exist: /Users/shafiqul/Testing Training/PeopleNTECHT/SeleniumTraining2018_March/WEB-AUTOMATION-FRAMEWORK/HealthInsurance/../Generic/driver/chromedriver"/>
  </testcase>
  <testcase name="afterEachTestMethod" classname="TestHomePckg.TestInsurancePlan" time="0">
    <skipped/>
  </testcase>
  <testcase name="afterEachTestMethod" classname="TestHomePckg.TestInsurancePlan" time="0">
    <skipped/>
  </testcase>
  <testcase name="cleanUp" classname="TestHomePckg.TestInsurancePlan" time="0">
    <skipped/>
  </testcase>
  <testcase name="cleanUp" classname="TestHomePckg.TestInsurancePlan" time="0">
    <skipped/>
  </testcase>
  <testcase name="ShopForInsurance" classname="TestHomePckg.TestHomePage" time="0">
    <skipped message="The driver executable does not exist: /Users/shafiqul/Testing Training/PeopleNTECHT/SeleniumTraining2018_March/WEB-AUTOMATION-FRAMEWORK/HealthInsurance/../Generic/driver/chromedriver"/>
  </testcase>
  <testcase name="TestHealthPlan" classname="TestHomePckg.TestInsurancePlan" time="0">
    <skipped message="The driver executable does not exist: /Users/shafiqul/Testing Training/PeopleNTECHT/SeleniumTraining2018_March/WEB-AUTOMATION-FRAMEWORK/HealthInsurance/../Generic/driver/chromedriver"/>
  </testcase>
  <testcase name="setUp" classname="TestHomePckg.TestRegistrationPage" time="0">
    <skipped/>
  </testcase>
  <testcase name="startExtent" classname="TestHomePckg.TestRegistrationPage" time="0">
    <skipped/>
  </testcase>
  <testcase name="TestRegistration" classname="TestHomePckg.TestRegistrationPage" time="0">
    <skipped message="The driver executable does not exist: /Users/shafiqul/Testing Training/PeopleNTECHT/SeleniumTraining2018_March/WEB-AUTOMATION-FRAMEWORK/HealthInsurance/../Generic/driver/chromedriver"/>
  </testcase>
  <testcase name="afterEachTestMethod" classname="TestHomePckg.TestRegistrationPage" time="0">
    <skipped/>
  </testcase>
  <testcase name="cleanUp" classname="TestHomePckg.TestRegistrationPage" time="0">
    <skipped/>
  </testcase>
  <testcase name="setUp" classname="TestHomePckg.TestSearchItems" time="0">
    <skipped/>
  </testcase>
  <testcase name="startExtent" classname="TestHomePckg.TestSearchItems" time="0">
    <skipped/>
  </testcase>
  <testcase name="initialization" classname="TestHomePckg.TestSearchItems" time="0">
    <skipped/>
  </testcase>
  <testcase name="verifyDataReaderExcel" classname="TestHomePckg.TestSearchItems" time="0">
    <skipped message="The driver executable does not exist: /Users/shafiqul/Testing Training/PeopleNTECHT/SeleniumTraining2018_March/WEB-AUTOMATION-FRAMEWORK/HealthInsurance/../Generic/driver/chromedriver"/>
  </testcase>
  <testcase name="afterEachTestMethod" classname="TestHomePckg.TestSearchItems" time="0">
    <skipped/>
  </testcase>
  <testcase name="cleanUp" classname="TestHomePckg.TestSearchItems" time="0">
    <skipped/>
  </testcase>
  <testcase name="generateReport" classname="TestHomePckg.TestHomePage" time="0">
    <skipped/>
  </testcase>
</testsuite>